app/build/intermediates/manifest_merge_blame_file/debug/processDebugMainManifest/manifest-merger-blame-debug-report.txt
1<?xml version="1.0" encoding="utf-8"?>
2<manifest xmlns:android="http://schemas.android.com/apk/res/android"
3    package="com.dezenbit.habitos"
4    android:versionCode="1"
5    android:versionName="1.0" >
6
7    <uses-sdk
7-->INJECTED
8        android:minSdkVersion="24"
8-->INJECTED
9        android:targetSdkVersion="35" />
9-->INJECTED
10
11    <!-- Notificaciones locales (Android 13+) -->
12    <uses-permission android:name="android.permission.POST_NOTIFICATIONS" />
12-->src/main/AndroidManifest.xml:5:5-77
12-->src/main/AndroidManifest.xml:5:22-74
13    <!-- Alarmas exactas para que el recordatorio suene a la hora elegida -->
14    <uses-permission android:name="android.permission.SCHEDULE_EXACT_ALARM" />
14-->src/main/AndroidManifest.xml:7:5-79
14-->src/main/AndroidManifest.xml:7:22-76
15    <uses-permission android:name="android.permission.USE_EXACT_ALARM" />
15-->src/main/AndroidManifest.xml:8:5-74
15-->src/main/AndroidManifest.xml:8:22-71
16    <!-- Re-programar recordatorios tras reiniciar el teléfono -->
17    <uses-permission android:name="android.permission.RECEIVE_BOOT_COMPLETED" />
17-->src/main/AndroidManifest.xml:10:5-81
17-->src/main/AndroidManifest.xml:10:22-78
18    <!-- Vibración al completar un hábito -->
19    <uses-permission android:name="android.permission.VIBRATE" />
19-->src/main/AndroidManifest.xml:12:5-66
19-->src/main/AndroidManifest.xml:12:22-63
20    <uses-permission android:name="android.permission.WAKE_LOCK" />
20-->[androidx.work:work-runtime:2.9.1] AndroidManifest.xml:23:5-68
20-->[androidx.work:work-runtime:2.9.1] AndroidManifest.xml:23:22-65
21    <uses-permission android:name="android.permission.ACCESS_NETWORK_STATE" />
21-->[androidx.work:work-runtime:2.9.1] AndroidManifest.xml:24:5-79
21-->[androidx.work:work-runtime:2.9.1] AndroidManifest.xml:24:22-76
22    <uses-permission android:name="android.permission.FOREGROUND_SERVICE" />
22-->[androidx.work:work-runtime:2.9.1] AndroidManifest.xml:26:5-77
22-->[androidx.work:work-runtime:2.9.1] AndroidManifest.xml:26:22-74
23
24    <permission
24-->[androidx.core:core:1.13.1] AndroidManifest.xml:22:5-24:47
25        android:name="com.dezenbit.habitos.DYNAMIC_RECEIVER_NOT_EXPORTED_PERMISSION"
25-->[androidx.core:core:1.13.1] AndroidManifest.xml:23:9-81
26        android:protectionLevel="signature" />
26-->[androidx.core:core:1.13.1] AndroidManifest.xml:24:9-44
27
28    <uses-permission android:name="com.dezenbit.habitos.DYNAMIC_RECEIVER_NOT_EXPORTED_PERMISSION" />
28-->[androidx.core:core:1.13.1] AndroidManifest.xml:26:5-97
28-->[androidx.core:core:1.13.1] AndroidManifest.xml:26:22-94
29
30    <application
30-->src/main/AndroidManifest.xml:14:5-67:19
31        android:name="com.dezenbit.habitos.HabitApplication"
31-->src/main/AndroidManifest.xml:15:9-41
32        android:allowBackup="true"
32-->src/main/AndroidManifest.xml:16:9-35
33        android:appComponentFactory="androidx.core.app.CoreComponentFactory"
33-->[androidx.core:core:1.13.1] AndroidManifest.xml:28:18-86
34        android:dataExtractionRules="@xml/data_extraction_rules"
34-->src/main/AndroidManifest.xml:17:9-65
35        android:debuggable="true"
36        android:extractNativeLibs="false"
36-->INJECTED
37        android:fullBackupContent="@xml/backup_rules"
37-->src/main/AndroidManifest.xml:18:9-54
38        android:icon="@mipmap/ic_launcher"
38-->src/main/AndroidManifest.xml:19:9-43
39        android:label="@string/app_name"
39-->src/main/AndroidManifest.xml:20:9-41
40        android:roundIcon="@mipmap/ic_launcher"
40-->src/main/AndroidManifest.xml:21:9-48
41        android:supportsRtl="true"
41-->src/main/AndroidManifest.xml:22:9-35
42        android:testOnly="true"
43        android:theme="@style/Theme.Habitos" >
43-->src/main/AndroidManifest.xml:23:9-45
44        <activity
44-->src/main/AndroidManifest.xml:25:9-34:20
45            android:name="com.dezenbit.habitos.MainActivity"
45-->src/main/AndroidManifest.xml:26:13-41
46            android:exported="true"
46-->src/main/AndroidManifest.xml:27:13-36
47            android:theme="@style/Theme.Habitos"
47-->src/main/AndroidManifest.xml:28:13-49
48            android:windowSoftInputMode="adjustResize" >
48-->src/main/AndroidManifest.xml:29:13-55
49            <intent-filter>
49-->src/main/AndroidManifest.xml:30:13-33:29
50                <action android:name="android.intent.action.MAIN" />
50-->src/main/AndroidManifest.xml:31:17-69
50-->src/main/AndroidManifest.xml:31:25-66
51
52                <category android:name="android.intent.category.LAUNCHER" />
52-->src/main/AndroidManifest.xml:32:17-77
52-->src/main/AndroidManifest.xml:32:27-74
53            </intent-filter>
54        </activity>
55
56        <receiver
56-->src/main/AndroidManifest.xml:36:9-38:40
57            android:name="com.dezenbit.habitos.notifications.ReminderReceiver"
57-->src/main/AndroidManifest.xml:37:13-59
58            android:exported="false" />
58-->src/main/AndroidManifest.xml:38:13-37
59        <receiver
59-->src/main/AndroidManifest.xml:40:9-46:20
60            android:name="com.dezenbit.habitos.notifications.BootReceiver"
60-->src/main/AndroidManifest.xml:41:13-55
61            android:exported="true" >
61-->src/main/AndroidManifest.xml:42:13-36
62            <intent-filter>
62-->src/main/AndroidManifest.xml:43:13-45:29
63                <action android:name="android.intent.action.BOOT_COMPLETED" />
63-->src/main/AndroidManifest.xml:44:17-79
63-->src/main/AndroidManifest.xml:44:25-76
64            </intent-filter>
65        </receiver>
66        <receiver
66-->src/main/AndroidManifest.xml:48:9-57:20
67            android:name="com.dezenbit.habitos.widget.HabitWidgetProvider"
67-->src/main/AndroidManifest.xml:49:13-55
68            android:exported="false" >
68-->src/main/AndroidManifest.xml:50:13-37
69            <intent-filter>
69-->src/main/AndroidManifest.xml:51:13-53:29
70                <action android:name="android.appwidget.action.APPWIDGET_UPDATE" />
70-->src/main/AndroidManifest.xml:52:17-84
70-->src/main/AndroidManifest.xml:52:25-81
71            </intent-filter>
72
73            <meta-data
73-->src/main/AndroidManifest.xml:54:13-56:61
74                android:name="android.appwidget.provider"
74-->src/main/AndroidManifest.xml:55:17-58
75                android:resource="@xml/habit_widget_info" />
75-->src/main/AndroidManifest.xml:56:17-58
76        </receiver>
77        <receiver
77-->src/main/AndroidManifest.xml:59:9-65:20
78            android:name="com.dezenbit.habitos.widget.WidgetToggleReceiver"
78-->src/main/AndroidManifest.xml:60:13-56
79            android:exported="false" >
79-->src/main/AndroidManifest.xml:61:13-37
80            <intent-filter>
80-->src/main/AndroidManifest.xml:62:13-64:29
81                <action android:name="com.dezenbit.habitos.widget.ACTION_TOGGLE" />
81-->src/main/AndroidManifest.xml:63:17-84
81-->src/main/AndroidManifest.xml:63:25-81
82            </intent-filter>
83        </receiver>
84
85        <provider
85-->[androidx.work:work-runtime:2.9.1] AndroidManifest.xml:29:9-37:20
86            android:name="androidx.startup.InitializationProvider"
86-->[androidx.work:work-runtime:2.9.1] AndroidManifest.xml:30:13-67
87            android:authorities="com.dezenbit.habitos.androidx-startup"
87-->[androidx.work:work-runtime:2.9.1] AndroidManifest.xml:31:13-68
88            android:exported="false" >
88-->[androidx.work:work-runtime:2.9.1] AndroidManifest.xml:32:13-37
89            <meta-data
89-->[androidx.work:work-runtime:2.9.1] AndroidManifest.xml:34:13-36:52
90                android:name="androidx.work.WorkManagerInitializer"
90-->[androidx.work:work-runtime:2.9.1] AndroidManifest.xml:35:17-68
91                android:value="androidx.startup" />
91-->[androidx.work:work-runtime:2.9.1] AndroidManifest.xml:36:17-49
92            <meta-data
92-->[androidx.emoji2:emoji2:1.3.0] AndroidManifest.xml:29:13-31:52
93                android:name="androidx.emoji2.text.EmojiCompatInitializer"
93-->[androidx.emoji2:emoji2:1.3.0] AndroidManifest.xml:30:17-75
94                android:value="androidx.startup" />
94-->[androidx.emoji2:emoji2:1.3.0] AndroidManifest.xml:31:17-49
95            <meta-data
95-->[androidx.lifecycle:lifecycle-process:2.8.4] AndroidManifest.xml:29:13-31:52
96                android:name="androidx.lifecycle.ProcessLifecycleInitializer"
96-->[androidx.lifecycle:lifecycle-process:2.8.4] AndroidManifest.xml:30:17-78
97                android:value="androidx.startup" />
97-->[androidx.lifecycle:lifecycle-process:2.8.4] AndroidManifest.xml:31:17-49
98            <meta-data
98-->[androidx.profileinstaller:profileinstaller:1.3.1] AndroidManifest.xml:29:13-31:52
99                android:name="androidx.profileinstaller.ProfileInstallerInitializer"
99-->[androidx.profileinstaller:profileinstaller:1.3.1] AndroidManifest.xml:30:17-85
100                android:value="androidx.startup" />
100-->[androidx.profileinstaller:profileinstaller:1.3.1] AndroidManifest.xml:31:17-49
101        </provider>
102
103        <service
103-->[androidx.work:work-runtime:2.9.1] AndroidManifest.xml:39:9-45:35
104            android:name="androidx.work.impl.background.systemalarm.SystemAlarmService"
104-->[androidx.work:work-runtime:2.9.1] AndroidManifest.xml:40:13-88
105            android:directBootAware="false"
105-->[androidx.work:work-runtime:2.9.1] AndroidManifest.xml:41:13-44
106            android:enabled="@bool/enable_system_alarm_service_default"
106-->[androidx.work:work-runtime:2.9.1] AndroidManifest.xml:42:13-72
107            android:exported="false" />
107-->[androidx.work:work-runtime:2.9.1] AndroidManifest.xml:43:13-37
108        <service
108-->[androidx.work:work-runtime:2.9.1] AndroidManifest.xml:46:9-52:35
109            android:name="androidx.work.impl.background.systemjob.SystemJobService"
109-->[androidx.work:work-runtime:2.9.1] AndroidManifest.xml:47:13-84
110            android:directBootAware="false"
110-->[androidx.work:work-runtime:2.9.1] AndroidManifest.xml:48:13-44
111            android:enabled="@bool/enable_system_job_service_default"
111-->[androidx.work:work-runtime:2.9.1] AndroidManifest.xml:49:13-70
112            android:exported="true"
112-->[androidx.work:work-runtime:2.9.1] AndroidManifest.xml:50:13-36
113            android:permission="android.permission.BIND_JOB_SERVICE" />
113-->[androidx.work:work-runtime:2.9.1] AndroidManifest.xml:51:13-69
114        <service
114-->[androidx.work:work-runtime:2.9.1] AndroidManifest.xml:53:9-59:35
115            android:name="androidx.work.impl.foreground.SystemForegroundService"
115-->[androidx.work:work-runtime:2.9.1] AndroidManifest.xml:54:13-81
116            android:directBootAware="false"
116-->[androidx.work:work-runtime:2.9.1] AndroidManifest.xml:55:13-44
117            android:enabled="@bool/enable_system_foreground_service_default"
117-->[androidx.work:work-runtime:2.9.1] AndroidManifest.xml:56:13-77
118            android:exported="false" />
118-->[androidx.work:work-runtime:2.9.1] AndroidManifest.xml:57:13-37
119
120        <receiver
120-->[androidx.work:work-runtime:2.9.1] AndroidManifest.xml:61:9-66:35
121            android:name="androidx.work.impl.utils.ForceStopRunnable$BroadcastReceiver"
121-->[androidx.work:work-runtime:2.9.1] AndroidManifest.xml:62:13-88
122            android:directBootAware="false"
122-->[androidx.work:work-runtime:2.9.1] AndroidManifest.xml:63:13-44
123            android:enabled="true"
123-->[androidx.work:work-runtime:2.9.1] AndroidManifest.xml:64:13-35
124            android:exported="false" />
124-->[androidx.work:work-runtime:2.9.1] AndroidManifest.xml:65:13-37
125        <receiver
125-->[androidx.work:work-runtime:2.9.1] AndroidManifest.xml:67:9-77:20
126            android:name="androidx.work.impl.background.systemalarm.ConstraintProxy$BatteryChargingProxy"
126-->[androidx.work:work-runtime:2.9.1] AndroidManifest.xml:68:13-106
127            android:directBootAware="false"
127-->[androidx.work:work-runtime:2.9.1] AndroidManifest.xml:69:13-44
128            android:enabled="false"
128-->[androidx.work:work-runtime:2.9.1] AndroidManifest.xml:70:13-36
129            android:exported="false" >
129-->[androidx.work:work-runtime:2.9.1] AndroidManifest.xml:71:13-37
130            <intent-filter>
130-->[androidx.work:work-runtime:2.9.1] AndroidManifest.xml:73:13-76:29
131                <action android:name="android.intent.action.ACTION_POWER_CONNECTED" />
131-->[androidx.work:work-runtime:2.9.1] AndroidManifest.xml:74:17-87
131-->[androidx.work:work-runtime:2.9.1] AndroidManifest.xml:74:25-84
132                <action android:name="android.intent.action.ACTION_POWER_DISCONNECTED" />
132-->[androidx.work:work-runtime:2.9.1] AndroidManifest.xml:75:17-90
132-->[androidx.work:work-runtime:2.9.1] AndroidManifest.xml:75:25-87
133            </intent-filter>
134        </receiver>
135        <receiver
135-->[androidx.work:work-runtime:2.9.1] AndroidManifest.xml:78:9-88:20
136            android:name="androidx.work.impl.background.systemalarm.ConstraintProxy$BatteryNotLowProxy"
136-->[androidx.work:work-runtime:2.9.1] AndroidManifest.xml:79:13-104
137            android:directBootAware="false"
137-->[androidx.work:work-runtime:2.9.1] AndroidManifest.xml:80:13-44
138            android:enabled="false"
138-->[androidx.work:work-runtime:2.9.1] AndroidManifest.xml:81:13-36
139            android:exported="false" >
139-->[androidx.work:work-runtime:2.9.1] AndroidManifest.xml:82:13-37
140            <intent-filter>
140-->[androidx.work:work-runtime:2.9.1] AndroidManifest.xml:84:13-87:29
141                <action android:name="android.intent.action.BATTERY_OKAY" />
141-->[androidx.work:work-runtime:2.9.1] AndroidManifest.xml:85:17-77
141-->[androidx.work:work-runtime:2.9.1] AndroidManifest.xml:85:25-74
142                <action android:name="android.intent.action.BATTERY_LOW" />
142-->[androidx.work:work-runtime:2.9.1] AndroidManifest.xml:86:17-76
142-->[androidx.work:work-runtime:2.9.1] AndroidManifest.xml:86:25-73
143            </intent-filter>
144        </receiver>
145        <receiver
145-->[androidx.work:work-runtime:2.9.1] AndroidManifest.xml:89:9-99:20
146            android:name="androidx.work.impl.background.systemalarm.ConstraintProxy$StorageNotLowProxy"
146-->[androidx.work:work-runtime:2.9.1] AndroidManifest.xml:90:13-104
147            android:directBootAware="false"
147-->[androidx.work:work-runtime:2.9.1] AndroidManifest.xml:91:13-44
148            android:enabled="false"
148-->[androidx.work:work-runtime:2.9.1] AndroidManifest.xml:92:13-36
149            android:exported="false" >
149-->[androidx.work:work-runtime:2.9.1] AndroidManifest.xml:93:13-37
150            <intent-filter>
150-->[androidx.work:work-runtime:2.9.1] AndroidManifest.xml:95:13-98:29
151                <action android:name="android.intent.action.DEVICE_STORAGE_LOW" />
151-->[androidx.work:work-runtime:2.9.1] AndroidManifest.xml:96:17-83
151-->[androidx.work:work-runtime:2.9.1] AndroidManifest.xml:96:25-80
152                <action android:name="android.intent.action.DEVICE_STORAGE_OK" />
152-->[androidx.work:work-runtime:2.9.1] AndroidManifest.xml:97:17-82
152-->[androidx.work:work-runtime:2.9.1] AndroidManifest.xml:97:25-79
153            </intent-filter>
154        </receiver>
155        <receiver
155-->[androidx.work:work-runtime:2.9.1] AndroidManifest.xml:100:9-109:20
156            android:name="androidx.work.impl.background.systemalarm.ConstraintProxy$NetworkStateProxy"
156-->[androidx.work:work-runtime:2.9.1] AndroidManifest.xml:101:13-103
157            android:directBootAware="false"
157-->[androidx.work:work-runtime:2.9.1] AndroidManifest.xml:102:13-44
158            android:enabled="false"
158-->[androidx.work:work-runtime:2.9.1] AndroidManifest.xml:103:13-36
159            android:exported="false" >
159-->[androidx.work:work-runtime:2.9.1] AndroidManifest.xml:104:13-37
160            <intent-filter>
160-->[androidx.work:work-runtime:2.9.1] AndroidManifest.xml:106:13-108:29
161                <action android:name="android.net.conn.CONNECTIVITY_CHANGE" />
161-->[androidx.work:work-runtime:2.9.1] AndroidManifest.xml:107:17-79
161-->[androidx.work:work-runtime:2.9.1] AndroidManifest.xml:107:25-76
162            </intent-filter>
163        </receiver>
164        <receiver
164-->[androidx.work:work-runtime:2.9.1] AndroidManifest.xml:110:9-121:20
165            android:name="androidx.work.impl.background.systemalarm.RescheduleReceiver"
165-->[androidx.work:work-runtime:2.9.1] AndroidManifest.xml:111:13-88
166            android:directBootAware="false"
166-->[androidx.work:work-runtime:2.9.1] AndroidManifest.xml:112:13-44
167            android:enabled="false"
167-->[androidx.work:work-runtime:2.9.1] AndroidManifest.xml:113:13-36
168            android:exported="false" >
168-->[androidx.work:work-runtime:2.9.1] AndroidManifest.xml:114:13-37
169            <intent-filter>
169-->[androidx.work:work-runtime:2.9.1] AndroidManifest.xml:116:13-120:29
170                <action android:name="android.intent.action.BOOT_COMPLETED" />
170-->src/main/AndroidManifest.xml:44:17-79
170-->src/main/AndroidManifest.xml:44:25-76
171                <action android:name="android.intent.action.TIME_SET" />
171-->[androidx.work:work-runtime:2.9.1] AndroidManifest.xml:118:17-73
171-->[androidx.work:work-runtime:2.9.1] AndroidManifest.xml:118:25-70
172                <action android:name="android.intent.action.TIMEZONE_CHANGED" />
172-->[androidx.work:work-runtime:2.9.1] AndroidManifest.xml:119:17-81
172-->[androidx.work:work-runtime:2.9.1] AndroidManifest.xml:119:25-78
173            </intent-filter>
174        </receiver>
175        <receiver
175-->[androidx.work:work-runtime:2.9.1] AndroidManifest.xml:122:9-131:20
176            android:name="androidx.work.impl.background.systemalarm.ConstraintProxyUpdateReceiver"
176-->[androidx.work:work-runtime:2.9.1] AndroidManifest.xml:123:13-99
177            android:directBootAware="false"
177-->[androidx.work:work-runtime:2.9.1] AndroidManifest.xml:124:13-44
178            android:enabled="@bool/enable_system_alarm_service_default"
178-->[androidx.work:work-runtime:2.9.1] AndroidManifest.xml:125:13-72
179            android:exported="false" >
179-->[androidx.work:work-runtime:2.9.1] AndroidManifest.xml:126:13-37
180            <intent-filter>
180-->[androidx.work:work-runtime:2.9.1] AndroidManifest.xml:128:13-130:29
181                <action android:name="androidx.work.impl.background.systemalarm.UpdateProxies" />
181-->[androidx.work:work-runtime:2.9.1] AndroidManifest.xml:129:17-98
181-->[androidx.work:work-runtime:2.9.1] AndroidManifest.xml:129:25-95
182            </intent-filter>
183        </receiver>
184        <receiver
184-->[androidx.work:work-runtime:2.9.1] AndroidManifest.xml:132:9-142:20
185            android:name="androidx.work.impl.diagnostics.DiagnosticsReceiver"
185-->[androidx.work:work-runtime:2.9.1] AndroidManifest.xml:133:13-78
186            android:directBootAware="false"
186-->[androidx.work:work-runtime:2.9.1] AndroidManifest.xml:134:13-44
187            android:enabled="true"
187-->[androidx.work:work-runtime:2.9.1] AndroidManifest.xml:135:13-35
188            android:exported="true"
188-->[androidx.work:work-runtime:2.9.1] AndroidManifest.xml:136:13-36
189            android:permission="android.permission.DUMP" >
189-->[androidx.work:work-runtime:2.9.1] AndroidManifest.xml:137:13-57
190            <intent-filter>
190-->[androidx.work:work-runtime:2.9.1] AndroidManifest.xml:139:13-141:29
191                <action android:name="androidx.work.diagnostics.REQUEST_DIAGNOSTICS" />
191-->[androidx.work:work-runtime:2.9.1] AndroidManifest.xml:140:17-88
191-->[androidx.work:work-runtime:2.9.1] AndroidManifest.xml:140:25-85
192            </intent-filter>
193        </receiver>
194
195        <activity
195-->[androidx.compose.ui:ui-tooling-android:1.7.3] AndroidManifest.xml:23:9-25:39
196            android:name="androidx.compose.ui.tooling.PreviewActivity"
196-->[androidx.compose.ui:ui-tooling-android:1.7.3] AndroidManifest.xml:24:13-71
197            android:exported="true" />
197-->[androidx.compose.ui:ui-tooling-android:1.7.3] AndroidManifest.xml:25:13-36
198
199        <service
199-->[androidx.room:room-runtime:2.6.1] AndroidManifest.xml:24:9-28:63
200            android:name="androidx.room.MultiInstanceInvalidationService"
200-->[androidx.room:room-runtime:2.6.1] AndroidManifest.xml:25:13-74
201            android:directBootAware="true"
201-->[androidx.room:room-runtime:2.6.1] AndroidManifest.xml:26:13-43
202            android:exported="false" />
202-->[androidx.room:room-runtime:2.6.1] AndroidManifest.xml:27:13-37
203
204        <receiver
204-->[androidx.profileinstaller:profileinstaller:1.3.1] AndroidManifest.xml:34:9-52:20
205            android:name="androidx.profileinstaller.ProfileInstallReceiver"
205-->[androidx.profileinstaller:profileinstaller:1.3.1] AndroidManifest.xml:35:13-76
206            android:directBootAware="false"
206-->[androidx.profileinstaller:profileinstaller:1.3.1] AndroidManifest.xml:36:13-44
207            android:enabled="true"
207-->[androidx.profileinstaller:profileinstaller:1.3.1] AndroidManifest.xml:37:13-35
208            android:exported="true"
208-->[androidx.profileinstaller:profileinstaller:1.3.1] AndroidManifest.xml:38:13-36
209            android:permission="android.permission.DUMP" >
209-->[androidx.profileinstaller:profileinstaller:1.3.1] AndroidManifest.xml:39:13-57
210            <intent-filter>
210-->[androidx.profileinstaller:profileinstaller:1.3.1] AndroidManifest.xml:40:13-42:29
211                <action android:name="androidx.profileinstaller.action.INSTALL_PROFILE" />
211-->[androidx.profileinstaller:profileinstaller:1.3.1] AndroidManifest.xml:41:17-91
211-->[androidx.profileinstaller:profileinstaller:1.3.1] AndroidManifest.xml:41:25-88
212            </intent-filter>
213            <intent-filter>
213-->[androidx.profileinstaller:profileinstaller:1.3.1] AndroidManifest.xml:43:13-45:29
214                <action android:name="androidx.profileinstaller.action.SKIP_FILE" />
214-->[androidx.profileinstaller:profileinstaller:1.3.1] AndroidManifest.xml:44:17-85
214-->[androidx.profileinstaller:profileinstaller:1.3.1] AndroidManifest.xml:44:25-82
215            </intent-filter>
216            <intent-filter>
216-->[androidx.profileinstaller:profileinstaller:1.3.1] AndroidManifest.xml:46:13-48:29
217                <action android:name="androidx.profileinstaller.action.SAVE_PROFILE" />
217-->[androidx.profileinstaller:profileinstaller:1.3.1] AndroidManifest.xml:47:17-88
217-->[androidx.profileinstaller:profileinstaller:1.3.1] AndroidManifest.xml:47:25-85
218            </intent-filter>
219            <intent-filter>
219-->[androidx.profileinstaller:profileinstaller:1.3.1] AndroidManifest.xml:49:13-51:29
220                <action android:name="androidx.profileinstaller.action.BENCHMARK_OPERATION" />
220-->[androidx.profileinstaller:profileinstaller:1.3.1] AndroidManifest.xml:50:17-95
220-->[androidx.profileinstaller:profileinstaller:1.3.1] AndroidManifest.xml:50:25-92
221            </intent-filter>
222        </receiver>
223    </application>
224
225</manifest>